[debug] [2021-12-09T18:52:22.513Z] ----------------------------------------------------------------------
[debug] [2021-12-09T18:52:22.519Z] Command:       C:\Program Files\nodejs\node.exe C:\Users\USER\AppData\Roaming\npm\node_modules\firebase-tools\lib\bin\firebase.js init
[debug] [2021-12-09T18:52:22.521Z] CLI Version:   9.23.1
[debug] [2021-12-09T18:52:22.521Z] Platform:      win32
[debug] [2021-12-09T18:52:22.521Z] Node Version:  v16.13.1
[debug] [2021-12-09T18:52:22.524Z] Time:          Thu Dec 09 2021 20:52:22 GMT+0200 (Eastern European Standard Time)
[debug] [2021-12-09T18:52:22.524Z] ----------------------------------------------------------------------
[debug] 
[debug] [2021-12-09T18:52:22.541Z] > command requires scopes: ["email","openid","https://www.googleapis.com/auth/cloudplatformprojects.readonly","https://www.googleapis.com/auth/firebase","https://www.googleapis.com/auth/cloud-platform"]
[debug] [2021-12-09T18:52:22.542Z] > authorizing via signed-in user (sghareebo@gmail.com)
[info] 
     ######## #### ########  ######## ########     ###     ######  ########
     ##        ##  ##     ## ##       ##     ##  ##   ##  ##       ##
     ######    ##  ########  ######   ########  #########  ######  ######
     ##        ##  ##    ##  ##       ##     ## ##     ##       ## ##
     ##       #### ##     ## ######## ########  ##     ##  ######  ########

You're about to initialize a Firebase project in this directory:

  C:\Projects\durrat_al_arous

Before we get started, keep in mind:

  * You are currently outside your home directory

